>> anaconda/3-5.3.1 has been loaded.
>> cuda/10.1_cudnn-7.6.5 has been loaded.

NotWritableError: The current user does not have write permissions to a required path.
  path: /home/neil.delgallego/.conda/envs/.conda_envs_dir_test
  uid: 704000798
  gid: 704000798

If you feel that permissions on this path are set incorrectly, you can manually
change them by executing

  $ sudo chown 704000798:704000798 /home/neil.delgallego/.conda/envs/.conda_envs_dir_test

In general, it's not advisable to use 'sudo conda'.


Could not find conda environment: NeilGAN_V2
You can list all discoverable environments with `conda info --envs`.

Collecting package metadata (repodata.json): ...working... failed

NotWritableError: The current user does not have write permissions to a required path.
  path: /home/neil.delgallego/.conda/pkgs/urls.txt
  uid: 704000798
  gid: 704000798

If you feel that permissions on this path are set incorrectly, you can manually
change them by executing

  $ sudo chown 704000798:704000798 /home/neil.delgallego/.conda/pkgs/urls.txt

In general, it's not advisable to use 'sudo conda'.


slurmstepd: error: *** JOB 269401 ON saliksik-gpu-06 CANCELLED AT 2021-12-30T10:28:00 ***
